<?xml version="1.0" encoding="utf-8"?><testsuites name="pytest tests"><testsuite name="pytest" errors="0" failures="0" skipped="0" tests="20" time="10.576" timestamp="2026-03-07T00:42:37.463909+00:00" hostname="agent-env-08da4942-bd58-4abc-b7fd-c0828dd59bcf"><testcase classname="backend.tests.test_berachain_arb.TestHealthEndpoint" name="test_health_returns_healthy" time="0.518" /><testcase classname="backend.tests.test_berachain_arb.TestOpportunitiesEndpoint" name="test_opportunities_returns_list" time="1.677" /><testcase classname="backend.tests.test_berachain_arb.TestOpportunitiesEndpoint" name="test_opportunities_have_required_fields" time="1.383" /><testcase classname="backend.tests.test_berachain_arb.TestOpportunitiesEndpoint" name="test_opportunities_are_ranked" time="1.393" /><testcase classname="backend.tests.test_berachain_arb.TestEngineStatsEndpoint" name="test_engine_stats_returns_data" time="0.191" /><testcase classname="backend.tests.test_berachain_arb.TestEngineStatsEndpoint" name="test_engine_stats_arb_logger_metrics" time="0.163" /><testcase classname="backend.tests.test_berachain_arb.TestEngineStatsEndpoint" name="test_engine_stats_safety_limits" time="0.151" /><testcase classname="backend.tests.test_berachain_arb.TestTriangularOpportunities" name="test_triangular_opportunities_endpoint_exists" time="0.133" /><testcase classname="backend.tests.test_berachain_arb.TestTriangularOpportunities" name="test_triangular_with_custom_base_token" time="0.152" /><testcase classname="backend.tests.test_berachain_arb.TestMultiHopOpportunities" name="test_multi_hop_endpoint_exists" time="0.150" /><testcase classname="backend.tests.test_berachain_arb.TestMultiHopOpportunities" name="test_multi_hop_with_custom_max_hops" time="0.147" /><testcase classname="backend.tests.test_berachain_arb.TestTradeExecution" name="test_execute_trade_validates_inputs" time="0.674" /><testcase classname="backend.tests.test_berachain_arb.TestTradeExecution" name="test_execute_trade_returns_verification" time="0.629" /><testcase classname="backend.tests.test_berachain_arb.TestTradeExecution" name="test_execute_trade_rejects_invalid_pair" time="0.140" /><testcase classname="backend.tests.test_berachain_arb.TestTradeExecution" name="test_execute_trade_rejects_excessive_slippage" time="0.252" /><testcase classname="backend.tests.test_berachain_arb.TestTradeExecution" name="test_execute_trade_rejects_unprofitable" time="0.624" /><testcase classname="backend.tests.test_berachain_arb.TestTokensEndpoint" name="test_tokens_returns_list" time="0.142" /><testcase classname="backend.tests.test_berachain_arb.TestGasPriceEndpoint" name="test_gas_price_returns_data" time="0.182" /><testcase classname="backend.tests.test_berachain_arb.TestDexQuoteEndpoint" name="test_quote_endpoint_works" time="0.146" /><testcase classname="backend.tests.test_berachain_arb.TestIntegration" name="test_opportunities_match_engine_stats" time="1.469" /></testsuite></testsuites>